This is LuaHBTeX, Version 1.16.1 (MiKTeX 23.4) (format=lualatex 2024.12.12)  12 DEC 2024 19:55
 restricted system commands enabled.
**main.tex
(./main.tex
LaTeX2e <2022-11-01> patch level 1
Lua module: luaotfload 2022-10-03 3.23 Lua based OpenType font support
Lua module: lualibs 2022-10-04 2.75 ConTeXt Lua standard libraries.
Lua module: lualibs-extended 2022-10-04 2.75 ConTeXt Lua libraries -- extended c
ollection.
luaotfload | conf : Root cache directory is "C:/Users/Lukáš Lev/AppData/Local/
MiKTeX/luatex-cache/generic/names".
luaotfload | init : Loading fontloader "fontloader-2022-10-03.lua" from kpse-res
olved path "C:/Program Files/MiKTeX/tex/luatex/luaotfload/fontloader-2022-10-03.
lua".
Lua-only attribute luaotfload@noligature = 1
luaotfload | init : Context OpenType loader version 3.120
Inserting `luaotfload.node_processor' in `pre_linebreak_filter'.
Inserting `luaotfload.node_processor' in `hpack_filter'.
Inserting `luaotfload.glyph_stream' in `glyph_stream_provider'.
Inserting `luaotfload.define_font' in `define_font'.
Lua-only attribute luaotfload_color_attribute = 2
luaotfload | conf : Root cache directory is "C:/Users/Lukáš Lev/AppData/Local/
MiKTeX/luatex-cache/generic/names".
Inserting `luaotfload.harf.strip_prefix' in `find_opentype_file'.
Inserting `luaotfload.harf.strip_prefix' in `find_truetype_file'.
Removing  `luaotfload.glyph_stream' from `glyph_stream_provider'.
Inserting `luaotfload.harf.glyphstream' in `glyph_stream_provider'.
Inserting `luaotfload.harf.finalize_vlist' in `post_linebreak_filter'.
Inserting `luaotfload.harf.finalize_hlist' in `hpack_filter'.
Inserting `luaotfload.cleanup_files' in `wrapup_run'.
Inserting `luaotfload.harf.finalize_unicode' in `finish_pdffile'.
Inserting `luaotfload.glyphinfo' in `glyph_info'.
Lua-only attribute luaotfload.letterspace_done = 3
Inserting `luaotfload.aux.set_sscale_dimens' in `luaotfload.patch_font'.
Inserting `luaotfload.aux.set_font_index' in `luaotfload.patch_font'.
Inserting `luaotfload.aux.patch_cambria_domh' in `luaotfload.patch_font'.
Inserting `luaotfload.aux.fixup_fontdata' in `luaotfload.patch_font_unsafe'.
Inserting `luaotfload.aux.set_capheight' in `luaotfload.patch_font'.
Inserting `luaotfload.aux.set_xheight' in `luaotfload.patch_font'.
Inserting `luaotfload.rewrite_fontname' in `luaotfload.patch_font'. L3 programm
ing layer <2023-03-30>
Inserting `tracingstacklevels' in `input_level_string'.
("C:/Program Files/MiKTeX/tex/latex/base/article.cls"
Document Class: article 2022/07/02 v1.4n Standard LaTeX document class
("C:/Program Files/MiKTeX/tex/latex/base/size10.clo"
File: size10.clo 2022/07/02 v1.4n Standard LaTeX file (size option)
luaotfload | db : Font names database loaded from C:/Users/Lukáš Lev/AppData/L
ocal/MiKTeX/luatex-cache/generic/names/luaotfload-names.luc.gz)
\c@part=\count183
\c@section=\count184
\c@subsection=\count185
\c@subsubsection=\count186
\c@paragraph=\count187
\c@subparagraph=\count188
\c@figure=\count189
\c@table=\count190
\abovecaptionskip=\skip48
\belowcaptionskip=\skip49
\bibindent=\dimen139
)
("C:/Program Files/MiKTeX/tex/latex/graphics/graphicx.sty"
Package: graphicx 2021/09/16 v1.2d Enhanced LaTeX Graphics (DPC,SPQR)

("C:/Program Files/MiKTeX/tex/latex/graphics/keyval.sty"
Package: keyval 2022/05/29 v1.15 key=value parser (DPC)
\KV@toks@=\toks16
)
("C:/Program Files/MiKTeX/tex/latex/graphics/graphics.sty"
Package: graphics 2022/03/10 v1.4e Standard LaTeX Graphics (DPC,SPQR)

("C:/Program Files/MiKTeX/tex/latex/graphics/trig.sty"
Package: trig 2021/08/11 v1.11 sin cos tan (DPC)
)
("C:/Program Files/MiKTeX/tex/latex/graphics-cfg/graphics.cfg"
File: graphics.cfg 2016/06/04 v1.11 sample graphics configuration
)
Package graphics Info: Driver file: luatex.def on input line 107.

("C:/Program Files/MiKTeX/tex/latex/graphics-def/luatex.def"
File: luatex.def 2022/09/22 v1.2d Graphics/color driver for luatex
))
\Gin@req@height=\dimen140
\Gin@req@width=\dimen141
)
("C:/Program Files/MiKTeX/tex/latex/preprint/authblk.sty"
Package: authblk 2001/02/27 1.3 (PWD)
\affilsep=\skip50
\@affilsep=\skip51
\c@Maxaffil=\count191
\c@authors=\count192
\c@affil=\count193
)
("C:/Program Files/MiKTeX/tex/generic/babel/babel.sty"
Package: babel 2023/03/28 3.87 The Babel package

("C:/Program Files/MiKTeX/tex/generic/babel/luababel.def"
\bbl@readstream=\read2
\l@afrikaans=\language2
Package babel Info: Non-standard hyphenation setup on input line 118.
\l@ancientgreek=\language3
\l@armenian=\language4
\l@assamese=\language5
\l@basque=\language6
\l@belarusian=\language7
\l@bengali=\language8
\l@bokmal=\language9
\l@bulgarian=\language10
\l@catalan=\language11
\l@churchslavonic=\language12
\l@classiclatin=\language13
\l@coptic=\language14
\l@croatian=\language15
\l@czech=\language16
\l@danish=\language17
\l@dutch=\language18
\l@esperanto=\language19
\l@estonian=\language20
\l@ethiopic=\language21
\l@finnish=\language22
\l@french=\language23
\l@friulan=\language24
\l@galician=\language25
\l@georgian=\language26
\l@german=\language27
\l@greek=\language28
\l@gujarati=\language29
\l@hindi=\language30
\l@hungarian=\language31
\l@icelandic=\language32
\l@indonesian=\language33
\l@interlingua=\language34
\l@irish=\language35
\l@italian=\language36
\l@kannada=\language37
\l@kurmanji=\language38
\l@latin=\language39
\l@latvian=\language40
\l@lithuanian=\language41
\l@liturgicallatin=\language42
\l@macedonian=\language43
\l@malayalam=\language44
\l@marathi=\language45
\l@mongolian=\language46
\l@mongolianlmc=\language47
\l@monogreek=\language48
\l@ngerman=\language49
\l@nynorsk=\language50
\l@occitan=\language51
\l@oriya=\language52
\l@pali=\language53
\l@panjabi=\language54
\l@piedmontese=\language55
\l@polish=\language56
\l@portuguese=\language57
\l@romanian=\language58
\l@romansh=\language59
\l@russian=\language60
\l@sanskrit=\language61
\l@serbian=\language62
\l@serbianc=\language63
\l@slovak=\language64
\l@slovenian=\language65
\l@spanish=\language66
\l@swedish=\language67
\l@swissgerman=\language68
\l@tamil=\language69
\l@telugu=\language70
\l@thai=\language71
\l@turkish=\language72
\l@turkmen=\language73
\l@ukenglish=\language74
\l@ukrainian=\language75
\l@uppersorbian=\language76
\l@usenglishmax=\language77
\l@welsh=\language78
\babelcatcodetablenum=\catcodetable12
\bbl@pattcodes=\catcodetable13
)
\babel@savecnt=\count194
\U@D=\dimen142
\l@unhyphenated=\language79

("C:/Program Files/MiKTeX/tex/generic/babel/luababel.def"
\bbl@attr@locale=\attribute4
)
*************************************
* Local config file bblopts.cfg used
*
("C:/Program Files/MiKTeX/tex/latex/arabi/bblopts.cfg"
File: bblopts.cfg 2005/09/08 v0.1 add Arabic and Farsi to "declared" options of
 babel
)
("C:/Program Files/MiKTeX/tex/latex/babel-czech/czech.ldf"
Language: czech 2008/07/06 v3.1a Czech support from the babel system
Package babel Info: Making " an active character on input line 172.
\cs@wordlen=\count195
Package babel Info: Making - an active character on input line 226.

("C:/Program Files/MiKTeX/tex/generic/hyph-utf8/loadhyph/loadhyph-cs.tex"
UTF-8 Czech hyphenation patterns
("C:/Program Files/MiKTeX/tex/generic/hyph-utf8/patterns/tex/hyph-cs.tex"))))
("C:/Program Files/MiKTeX/tex/generic/babel/locale/cs/babel-czech.tex"
Package babel Info: Importing font and identification data for czech
(babel)             from babel-cs.ini. Reported on input line 11.
)
("C:/Program Files/MiKTeX/tex/latex/base/inputenc.sty"
Package: inputenc 2021/02/14 v1.3d Input encoding file
\inpenc@prehook=\toks17
\inpenc@posthook=\toks18


Package inputenc Warning: inputenc package ignored with utf8 based engines.

) ("C:/Program Files/MiKTeX/tex/latex/anyfontsize/anyfontsize.sty"
Package: anyfontsize 2007/11/22 anyfontsize.sty by pts
)
("C:/Program Files/MiKTeX/tex/latex/enumitem/enumitem.sty"
Package: enumitem 2019/06/20 v3.9 Customized lists
\labelindent=\skip52
\enit@outerparindent=\dimen143
\enit@toks=\toks19
\enit@inbox=\box51
\enit@count@id=\count196
\enitdp@description=\count197
)
("C:/Program Files/MiKTeX/tex/latex/blindtext/blindtext.sty"
Package: blindtext 2012/01/06 V2.0 blindtext-Package

("C:/Program Files/MiKTeX/tex/latex/tools/xspace.sty"
Package: xspace 2014/10/28 v1.13 Space after command names (DPC,MH)
)
\c@blindtext=\count198
\c@Blindtext=\count199
\c@blind@countparstart=\count266
\blind@countxx=\count267
\blindtext@numBlindtext=\count268
\blind@countyy=\count269
\c@blindlist=\count270
\c@blindlistlevel=\count271
\c@blindlist@level=\count272
\blind@listitem=\count273
\c@blind@listcount=\count274
\c@blind@levelcount=\count275
\blind@mathformula=\count276
\blind@Mathformula=\count277
\c@blind@randomcount=\count278
\c@blind@randommax=\count279
\c@blind@pangramcount=\count280
\c@blind@pangrammax=\count281
)
("C:/Program Files/MiKTeX/tex/latex/acronym/acronym.sty"
Package: acronym 2020/04/17 v1.47 Support for acronyms (Tobias Oetiker)

("C:/Program Files/MiKTeX/tex/latex/bigfoot/suffix.sty"
Package: suffix 2006/07/15 1.5a Variant command support
)
("C:/Program Files/MiKTeX/tex/latex/xstring/xstring.sty"
("C:/Program Files/MiKTeX/tex/generic/xstring/xstring.tex"
\xs_counta=\count282
\xs_countb=\count283
)
Package: xstring 2023/08/22 v1.86 String manipulations (CT)
)
\AC@clearlist=\toks20
)
("C:/Program Files/MiKTeX/tex/latex/geometry/geometry.sty"
Package: geometry 2020/01/02 v5.9 Page Geometry

("C:/Program Files/MiKTeX/tex/generic/iftex/ifvtex.sty"
Package: ifvtex 2019/10/25 v1.7 ifvtex legacy package. Use iftex instead.

("C:/Program Files/MiKTeX/tex/generic/iftex/iftex.sty"
Package: iftex 2022/02/03 v1.0f TeX engine tests
))
\Gm@cnth=\count284
\Gm@cntv=\count285
\c@Gm@tempcnt=\count286
\Gm@bindingoffset=\dimen144
\Gm@wd@mp=\dimen145
\Gm@odd@mp=\dimen146
\Gm@even@mp=\dimen147
\Gm@layoutwidth=\dimen148
\Gm@layoutheight=\dimen149
\Gm@layouthoffset=\dimen150
\Gm@layoutvoffset=\dimen151
\Gm@dimlist=\toks21

("C:/Program Files/MiKTeX/tex/latex/geometry/geometry.cfg"))
("C:/Program Files/MiKTeX/tex/latex/pgf/frontendlayer/tikz.sty"
("C:/Program Files/MiKTeX/tex/latex/pgf/basiclayer/pgf.sty"
("C:/Program Files/MiKTeX/tex/latex/pgf/utilities/pgfrcs.sty"
("C:/Program Files/MiKTeX/tex/generic/pgf/utilities/pgfutil-common.tex"
\pgfutil@everybye=\toks22
\pgfutil@tempdima=\dimen152
\pgfutil@tempdimb=\dimen153
)
("C:/Program Files/MiKTeX/tex/generic/pgf/utilities/pgfutil-latex.def"
\pgfutil@abb=\box52
)
("C:/Program Files/MiKTeX/tex/generic/pgf/utilities/pgfrcs.code.tex"
("C:/Program Files/MiKTeX/tex/generic/pgf/pgf.revision.tex")
Package: pgfrcs 2023-01-15 v3.1.10 (3.1.10)
))
Package: pgf 2023-01-15 v3.1.10 (3.1.10)

("C:/Program Files/MiKTeX/tex/latex/pgf/basiclayer/pgfcore.sty"
("C:/Program Files/MiKTeX/tex/latex/pgf/systemlayer/pgfsys.sty"
("C:/Program Files/MiKTeX/tex/generic/pgf/systemlayer/pgfsys.code.tex"
Package: pgfsys 2023-01-15 v3.1.10 (3.1.10)

("C:/Program Files/MiKTeX/tex/generic/pgf/utilities/pgfkeys.code.tex"
\pgfkeys@pathtoks=\toks23
\pgfkeys@temptoks=\toks24

("C:/Program Files/MiKTeX/tex/generic/pgf/utilities/pgfkeyslibraryfiltered.code
.tex"
\pgfkeys@tmptoks=\toks25
))
\pgf@x=\dimen154
\pgf@y=\dimen155
\pgf@xa=\dimen156
\pgf@ya=\dimen157
\pgf@xb=\dimen158
\pgf@yb=\dimen159
\pgf@xc=\dimen160
\pgf@yc=\dimen161
\pgf@xd=\dimen162
\pgf@yd=\dimen163
\w@pgf@writea=\write3
\r@pgf@reada=\read3
\c@pgf@counta=\count287
\c@pgf@countb=\count288
\c@pgf@countc=\count289
\c@pgf@countd=\count290
\t@pgf@toka=\toks26
\t@pgf@tokb=\toks27
\t@pgf@tokc=\toks28
\pgf@sys@id@count=\count291
 ("C:/Program Files/MiKTeX/tex/generic/pgf/systemlayer/pgf.cfg"
File: pgf.cfg 2023-01-15 v3.1.10 (3.1.10)
)
Driver file for pgf: pgfsys-luatex.def

("C:/Program Files/MiKTeX/tex/generic/pgf/systemlayer/pgfsys-luatex.def"
File: pgfsys-luatex.def 2023-01-15 v3.1.10 (3.1.10)

("C:/Program Files/MiKTeX/tex/generic/pgf/systemlayer/pgfsys-common-pdf.def"
File: pgfsys-common-pdf.def 2023-01-15 v3.1.10 (3.1.10)
))) ("C:/Program Files/MiKTeX/tex/generic/pgf/systemlayer/pgfsyssoftpath.code.t
ex"
File: pgfsyssoftpath.code.tex 2023-01-15 v3.1.10 (3.1.10)
\pgfsyssoftpath@smallbuffer@items=\count292
\pgfsyssoftpath@bigbuffer@items=\count293
) ("C:/Program Files/MiKTeX/tex/generic/pgf/systemlayer/pgfsysprotocol.code.tex
"
File: pgfsysprotocol.code.tex 2023-01-15 v3.1.10 (3.1.10)
)) ("C:/Program Files/MiKTeX/tex/latex/xcolor/xcolor.sty"
Package: xcolor 2022/06/12 v2.14 LaTeX color extensions (UK)

("C:/Program Files/MiKTeX/tex/latex/graphics-cfg/color.cfg"
File: color.cfg 2016/01/02 v1.6 sample color configuration
)
Package xcolor Info: Driver file: luatex.def on input line 227.

("C:/Program Files/MiKTeX/tex/latex/graphics/mathcolor.ltx")
Package xcolor Info: Model `cmy' substituted by `cmy0' on input line 1353.
Package xcolor Info: Model `hsb' substituted by `rgb' on input line 1357.
Package xcolor Info: Model `RGB' extended on input line 1369.
Package xcolor Info: Model `HTML' substituted by `rgb' on input line 1371.
Package xcolor Info: Model `Hsb' substituted by `hsb' on input line 1372.
Package xcolor Info: Model `tHsb' substituted by `hsb' on input line 1373.
Package xcolor Info: Model `HSB' substituted by `hsb' on input line 1374.
Package xcolor Info: Model `Gray' substituted by `gray' on input line 1375.
Package xcolor Info: Model `wave' substituted by `hsb' on input line 1376.
)
("C:/Program Files/MiKTeX/tex/generic/pgf/basiclayer/pgfcore.code.tex"
Package: pgfcore 2023-01-15 v3.1.10 (3.1.10)

("C:/Program Files/MiKTeX/tex/generic/pgf/math/pgfmath.code.tex"
("C:/Program Files/MiKTeX/tex/generic/pgf/math/pgfmathutil.code.tex")
("C:/Program Files/MiKTeX/tex/generic/pgf/math/pgfmathparser.code.tex"
\pgfmath@dimen=\dimen164
\pgfmath@count=\count294
\pgfmath@box=\box53
\pgfmath@toks=\toks29
\pgfmath@stack@operand=\toks30
\pgfmath@stack@operation=\toks31
)
("C:/Program Files/MiKTeX/tex/generic/pgf/math/pgfmathfunctions.code.tex")
("C:/Program Files/MiKTeX/tex/generic/pgf/math/pgfmathfunctions.basic.code.tex"
)
("C:/Program Files/MiKTeX/tex/generic/pgf/math/pgfmathfunctions.trigonometric.c
ode.tex")
("C:/Program Files/MiKTeX/tex/generic/pgf/math/pgfmathfunctions.random.code.tex
")
("C:/Program Files/MiKTeX/tex/generic/pgf/math/pgfmathfunctions.comparison.code
.tex")
("C:/Program Files/MiKTeX/tex/generic/pgf/math/pgfmathfunctions.base.code.tex") ("C:/Program Files/MiKTeX/tex/generic/pgf/math/pgfmathfunctions.round.code.tex") ("C:/Program Files/MiKTeX/tex/generic/pgf/math/pgfmathfunctions.misc.code.tex")
("C:/Program Files/MiKTeX/tex/generic/pgf/math/pgfmathfunctions.integerarithmet
ics.code.tex")
("C:/Program Files/MiKTeX/tex/generic/pgf/math/pgfmathcalc.code.tex")
("C:/Program Files/MiKTeX/tex/generic/pgf/math/pgfmathfloat.code.tex"
\c@pgfmathroundto@lastzeros=\count295
))
("C:/Program Files/MiKTeX/tex/generic/pgf/math/pgfint.code.tex")
("C:/Program Files/MiKTeX/tex/generic/pgf/basiclayer/pgfcorepoints.code.tex"
File: pgfcorepoints.code.tex 2023-01-15 v3.1.10 (3.1.10)
\pgf@picminx=\dimen165
\pgf@picmaxx=\dimen166
\pgf@picminy=\dimen167
\pgf@picmaxy=\dimen168
\pgf@pathminx=\dimen169
\pgf@pathmaxx=\dimen170
\pgf@pathminy=\dimen171
\pgf@pathmaxy=\dimen172
\pgf@xx=\dimen173
\pgf@xy=\dimen174
\pgf@yx=\dimen175
\pgf@yy=\dimen176
\pgf@zx=\dimen177
\pgf@zy=\dimen178
)
("C:/Program Files/MiKTeX/tex/generic/pgf/basiclayer/pgfcorepathconstruct.code.
tex"
File: pgfcorepathconstruct.code.tex 2023-01-15 v3.1.10 (3.1.10)
\pgf@path@lastx=\dimen179
\pgf@path@lasty=\dimen180
)
("C:/Program Files/MiKTeX/tex/generic/pgf/basiclayer/pgfcorepathusage.code.tex"
File: pgfcorepathusage.code.tex 2023-01-15 v3.1.10 (3.1.10)
\pgf@shorten@end@additional=\dimen181
\pgf@shorten@start@additional=\dimen182
) ("C:/Program Files/MiKTeX/tex/generic/pgf/basiclayer/pgfcorescopes.code.tex"
File: pgfcorescopes.code.tex 2023-01-15 v3.1.10 (3.1.10)
\pgfpic=\box54
\pgf@hbox=\box55
\pgf@layerbox@main=\box56
\pgf@picture@serial@count=\count296
)
("C:/Program Files/MiKTeX/tex/generic/pgf/basiclayer/pgfcoregraphicstate.code.t
ex"
File: pgfcoregraphicstate.code.tex 2023-01-15 v3.1.10 (3.1.10)
\pgflinewidth=\dimen183
)
("C:/Program Files/MiKTeX/tex/generic/pgf/basiclayer/pgfcoretransformations.cod
e.tex"
File: pgfcoretransformations.code.tex 2023-01-15 v3.1.10 (3.1.10)
\pgf@pt@x=\dimen184
\pgf@pt@y=\dimen185
\pgf@pt@temp=\dimen186
)
("C:/Program Files/MiKTeX/tex/generic/pgf/basiclayer/pgfcorequick.code.tex"
File: pgfcorequick.code.tex 2023-01-15 v3.1.10 (3.1.10)
)
("C:/Program Files/MiKTeX/tex/generic/pgf/basiclayer/pgfcoreobjects.code.tex"
File: pgfcoreobjects.code.tex 2023-01-15 v3.1.10 (3.1.10)
)
("C:/Program Files/MiKTeX/tex/generic/pgf/basiclayer/pgfcorepathprocessing.code
.tex"
File: pgfcorepathprocessing.code.tex 2023-01-15 v3.1.10 (3.1.10)
)
("C:/Program Files/MiKTeX/tex/generic/pgf/basiclayer/pgfcorearrows.code.tex"
File: pgfcorearrows.code.tex 2023-01-15 v3.1.10 (3.1.10)
\pgfarrowsep=\dimen187
)
("C:/Program Files/MiKTeX/tex/generic/pgf/basiclayer/pgfcoreshade.code.tex"
File: pgfcoreshade.code.tex 2023-01-15 v3.1.10 (3.1.10)
\pgf@max=\dimen188
\pgf@sys@shading@range@num=\count297
\pgf@shadingcount=\count298
)
("C:/Program Files/MiKTeX/tex/generic/pgf/basiclayer/pgfcoreimage.code.tex"
File: pgfcoreimage.code.tex 2023-01-15 v3.1.10 (3.1.10)
)
("C:/Program Files/MiKTeX/tex/generic/pgf/basiclayer/pgfcoreexternal.code.tex"
File: pgfcoreexternal.code.tex 2023-01-15 v3.1.10 (3.1.10)
\pgfexternal@startupbox=\box57
) ("C:/Program Files/MiKTeX/tex/generic/pgf/basiclayer/pgfcorelayers.code.tex"
File: pgfcorelayers.code.tex 2023-01-15 v3.1.10 (3.1.10)
)
("C:/Program Files/MiKTeX/tex/generic/pgf/basiclayer/pgfcoretransparency.code.t
ex"
File: pgfcoretransparency.code.tex 2023-01-15 v3.1.10 (3.1.10)
)
("C:/Program Files/MiKTeX/tex/generic/pgf/basiclayer/pgfcorepatterns.code.tex"
File: pgfcorepatterns.code.tex 2023-01-15 v3.1.10 (3.1.10)
) ("C:/Program Files/MiKTeX/tex/generic/pgf/basiclayer/pgfcorerdf.code.tex"
File: pgfcorerdf.code.tex 2023-01-15 v3.1.10 (3.1.10)
)))
("C:/Program Files/MiKTeX/tex/generic/pgf/modules/pgfmoduleshapes.code.tex"
File: pgfmoduleshapes.code.tex 2023-01-15 v3.1.10 (3.1.10)
\pgfnodeparttextbox=\box58
)
("C:/Program Files/MiKTeX/tex/generic/pgf/modules/pgfmoduleplot.code.tex"
File: pgfmoduleplot.code.tex 2023-01-15 v3.1.10 (3.1.10)
)
("C:/Program Files/MiKTeX/tex/latex/pgf/compatibility/pgfcomp-version-0-65.sty"
Package: pgfcomp-version-0-65 2023-01-15 v3.1.10 (3.1.10)
\pgf@nodesepstart=\dimen189
\pgf@nodesepend=\dimen190
) ("C:/Program Files/MiKTeX/tex/latex/pgf/compatibility/pgfcomp-version-1-18.st
y"
Package: pgfcomp-version-1-18 2023-01-15 v3.1.10 (3.1.10)
)) ("C:/Program Files/MiKTeX/tex/latex/pgf/utilities/pgffor.sty"
("C:/Program Files/MiKTeX/tex/latex/pgf/utilities/pgfkeys.sty"
("C:/Program Files/MiKTeX/tex/generic/pgf/utilities/pgfkeys.code.tex"))
("C:/Program Files/MiKTeX/tex/latex/pgf/math/pgfmath.sty"
("C:/Program Files/MiKTeX/tex/generic/pgf/math/pgfmath.code.tex"))
("C:/Program Files/MiKTeX/tex/generic/pgf/utilities/pgffor.code.tex"
Package: pgffor 2023-01-15 v3.1.10 (3.1.10)
\pgffor@iter=\dimen191
\pgffor@skip=\dimen192
\pgffor@stack=\toks32
\pgffor@toks=\toks33
))
("C:/Program Files/MiKTeX/tex/generic/pgf/frontendlayer/tikz/tikz.code.tex"
Package: tikz 2023-01-15 v3.1.10 (3.1.10)

("C:/Program Files/MiKTeX/tex/generic/pgf/libraries/pgflibraryplothandlers.code
.tex"
File: pgflibraryplothandlers.code.tex 2023-01-15 v3.1.10 (3.1.10)
\pgf@plot@mark@count=\count299
\pgfplotmarksize=\dimen193
)
\tikz@lastx=\dimen194
\tikz@lasty=\dimen195
\tikz@lastxsaved=\dimen196
\tikz@lastysaved=\dimen197
\tikz@lastmovetox=\dimen198
\tikz@lastmovetoy=\dimen199
\tikzleveldistance=\dimen256
\tikzsiblingdistance=\dimen257
\tikz@figbox=\box59
\tikz@figbox@bg=\box60
\tikz@tempbox=\box61
\tikz@tempbox@bg=\box62
\tikztreelevel=\count300
\tikznumberofchildren=\count301
\tikznumberofcurrentchild=\count302
\tikz@fig@count=\count303

("C:/Program Files/MiKTeX/tex/generic/pgf/modules/pgfmodulematrix.code.tex"
File: pgfmodulematrix.code.tex 2023-01-15 v3.1.10 (3.1.10)
\pgfmatrixcurrentrow=\count304
\pgfmatrixcurrentcolumn=\count305
\pgf@matrix@numberofcolumns=\count306
)
\tikz@expandcount=\count307

("C:/Program Files/MiKTeX/tex/generic/pgf/frontendlayer/tikz/libraries/tikzlibr
arytopaths.code.tex"
File: tikzlibrarytopaths.code.tex 2023-01-15 v3.1.10 (3.1.10)
))) ("C:/Program Files/MiKTeX/tex/latex/tools/multicol.sty"
Package: multicol 2021/11/30 v1.9d multicolumn formatting (FMi)
\c@tracingmulticols=\count308
\mult@box=\box63
\multicol@leftmargin=\dimen258
\c@unbalance=\count309
\c@collectmore=\count310
\doublecol@number=\count311
\multicoltolerance=\count312
\multicolpretolerance=\count313
\full@width=\dimen259
\page@free=\dimen260
\premulticols=\dimen261
\postmulticols=\dimen262
\multicolsep=\skip53
\multicolbaselineskip=\skip54
\partial@page=\box64
\last@line=\box65
\maxbalancingoverflow=\dimen263
\mult@rightbox=\box66
\mult@grightbox=\box67
\mult@firstbox=\box68
\mult@gfirstbox=\box69
\@tempa=\box70
\@tempa=\box71
\@tempa=\box72
\@tempa=\box73
\@tempa=\box74
\@tempa=\box75
\@tempa=\box76
\@tempa=\box77
\@tempa=\box78
\@tempa=\box79
\@tempa=\box80
\@tempa=\box81
\@tempa=\box82
\@tempa=\box83
\@tempa=\box84
\@tempa=\box85
\@tempa=\box86
\@tempa=\box87
\@tempa=\box88
\@tempa=\box89
\@tempa=\box90
\@tempa=\box91
\@tempa=\box92
\@tempa=\box93
\@tempa=\box94
\@tempa=\box95
\@tempa=\box96
\@tempa=\box97
\@tempa=\box98
\@tempa=\box99
\@tempa=\box100
\@tempa=\box101
\@tempa=\box102
\@tempa=\box103
\@tempa=\box104
\@tempa=\box105
\c@minrows=\count314
\c@columnbadness=\count315
\c@finalcolumnbadness=\count316
\last@try=\dimen264
\multicolovershoot=\dimen265
\multicolundershoot=\dimen266
\mult@nat@firstbox=\box106
\colbreak@box=\box107
\mc@col@check@num=\count317
) ("C:/Program Files/MiKTeX/tex/latex/wrapfig/wrapfig.sty"
\wrapoverhang=\dimen267
\WF@size=\dimen268
\c@WF@wrappedlines=\count318
\WF@box=\box108
\WF@everypar=\toks34
Package: wrapfig 2003/01/31  v 3.6
)
("C:/Program Files/MiKTeX/tex/latex/caption/caption.sty"
Package: caption 2023/08/05 v3.6o Customizing captions (AR)

("C:/Program Files/MiKTeX/tex/latex/caption/caption3.sty"
Package: caption3 2023/07/31 v2.4d caption3 kernel (AR)
\caption@tempdima=\dimen269
\captionmargin=\dimen270
\caption@leftmargin=\dimen271
\caption@rightmargin=\dimen272
\caption@width=\dimen273
\caption@indent=\dimen274
\caption@parindent=\dimen275
\caption@hangindent=\dimen276
Package caption Info: Standard document class detected.
)
\c@caption@flags=\count319
\c@continuedfloat=\count320
Package caption Info: wrapfig package is loaded.
)
("C:/Program Files/MiKTeX/tex/latex/pdfpages/pdfpages.sty"
Package: pdfpages 2024/10/28 v0.6c Insert pages of external PDF documents (AM)

("C:/Program Files/MiKTeX/tex/latex/base/ifthen.sty"
Package: ifthen 2022/04/13 v1.1d Standard LaTeX ifthen package (DPC)
)
("C:/Program Files/MiKTeX/tex/latex/tools/calc.sty"
Package: calc 2017/05/25 v4.3 Infix arithmetic (KKT,FJ)
\calc@Acount=\count321
\calc@Bcount=\count322
\calc@Adimen=\dimen277
\calc@Bdimen=\dimen278
\calc@Askip=\skip55
\calc@Bskip=\skip56
LaTeX Info: Redefining \setlength on input line 80.
LaTeX Info: Redefining \addtolength on input line 81.
\calc@Ccount=\count323
\calc@Cskip=\skip57
)
("C:/Program Files/MiKTeX/tex/latex/eso-pic/eso-pic.sty"
Package: eso-pic 2023/05/03 v3.0c eso-pic (RN)
\ESO@tempdima=\dimen279
\ESO@tempdimb=\dimen280
)
\AM@pagewidth=\dimen281
\AM@pageheight=\dimen282
\AM@fboxrule=\dimen283

("C:/Program Files/MiKTeX/tex/latex/pdfpages/ppluatex.def"
File: ppluatex.def 2024/10/28 v0.6c Pdfpages driver for LuaTeX (AM)
)
\pdfpages@includegraphics@status=\count324
\AM@pagebox=\box109
\AM@global@opts=\toks35
\AM@pagecnt=\count325
\AM@toc@title=\toks36
\AM@lof@heading=\toks37
\c@AM@survey=\count326
\AM@templatesizebox=\box110
)
("C:/Program Files/MiKTeX/tex/latex/fancyhdr/fancyhdr.sty"
Package: fancyhdr 2024/07/23 v4.3.1 Extensive control of page headers and foote
rs
\f@nch@headwidth=\skip58
\f@nch@O@elh=\skip59
\f@nch@O@erh=\skip60
\f@nch@O@olh=\skip61
\f@nch@O@orh=\skip62
\f@nch@O@elf=\skip63
\f@nch@O@erf=\skip64
\f@nch@O@olf=\skip65
\f@nch@O@orf=\skip66
)
("C:/Program Files/MiKTeX/tex/latex/hyperref/hyperref.sty"
Package: hyperref 2023-02-07 v7.00v Hypertext links for LaTeX

("C:/Program Files/MiKTeX/tex/generic/ltxcmds/ltxcmds.sty"
Package: ltxcmds 2023-12-04 v1.26 LaTeX kernel commands for general use (HO)
)
("C:/Program Files/MiKTeX/tex/generic/pdftexcmds/pdftexcmds.sty"
Package: pdftexcmds 2020-06-27 v0.33 Utility functions of pdfTeX for LuaTeX (HO
)

("C:/Program Files/MiKTeX/tex/generic/infwarerr/infwarerr.sty"
Package: infwarerr 2019/12/03 v1.5 Providing info/warning/error messages (HO)
)
Package pdftexcmds Info: \pdf@primitive is available.
Package pdftexcmds Info: \pdf@ifprimitive is available.
Package pdftexcmds Info: \pdfdraftmode found.
\pdftexcmds@toks=\toks38
)
("C:/Program Files/MiKTeX/tex/latex/kvsetkeys/kvsetkeys.sty"
Package: kvsetkeys 2022-10-05 v1.19 Key value parser (HO)
)
("C:/Program Files/MiKTeX/tex/generic/kvdefinekeys/kvdefinekeys.sty"
Package: kvdefinekeys 2019-12-19 v1.6 Define keys (HO)
)
("C:/Program Files/MiKTeX/tex/generic/pdfescape/pdfescape.sty"
Package: pdfescape 2019/12/09 v1.15 Implements pdfTeX's escape features (HO)
)
("C:/Program Files/MiKTeX/tex/latex/hycolor/hycolor.sty"
Package: hycolor 2020-01-27 v1.10 Color options for hyperref/bookmark (HO)
)
("C:/Program Files/MiKTeX/tex/latex/letltxmacro/letltxmacro.sty"
Package: letltxmacro 2019/12/03 v1.6 Let assignment for LaTeX macros (HO)
)
("C:/Program Files/MiKTeX/tex/latex/auxhook/auxhook.sty"
Package: auxhook 2019-12-17 v1.6 Hooks for auxiliary files (HO)
)
("C:/Program Files/MiKTeX/tex/latex/hyperref/nameref.sty"
Package: nameref 2022-05-17 v2.50 Cross-referencing by name of section

("C:/Program Files/MiKTeX/tex/latex/refcount/refcount.sty"
Package: refcount 2019/12/15 v3.6 Data extraction from label references (HO)
)
("C:/Program Files/MiKTeX/tex/generic/gettitlestring/gettitlestring.sty"
Package: gettitlestring 2019/12/15 v1.6 Cleanup title references (HO)

("C:/Program Files/MiKTeX/tex/latex/kvoptions/kvoptions.sty"
Package: kvoptions 2022-06-15 v3.15 Key value format for package options (HO)
))
\c@section@level=\count327
)
\@linkdim=\dimen284
\Hy@linkcounter=\count328
\Hy@pagecounter=\count329

("C:/Program Files/MiKTeX/tex/latex/hyperref/pd1enc.def"
File: pd1enc.def 2023-02-07 v7.00v Hyperref: PDFDocEncoding definition (HO)
)
("C:/Program Files/MiKTeX/tex/generic/intcalc/intcalc.sty"
Package: intcalc 2019/12/15 v1.3 Expandable calculations with integers (HO)
)
("C:/Program Files/MiKTeX/tex/generic/etexcmds/etexcmds.sty"
Package: etexcmds 2019/12/15 v1.7 Avoid name clashes with e-TeX commands (HO)
)
\Hy@SavedSpaceFactor=\count330

("C:/Program Files/MiKTeX/tex/latex/hyperref/puenc.def"
File: puenc.def 2023-02-07 v7.00v Hyperref: PDF Unicode definition (HO)
)
Package hyperref Info: Hyper figures OFF on input line 4177.
Package hyperref Info: Link nesting OFF on input line 4182.
Package hyperref Info: Hyper index ON on input line 4185.
Package hyperref Info: Plain pages OFF on input line 4192.
Package hyperref Info: Backreferencing OFF on input line 4197.
Package hyperref Info: Implicit mode ON; LaTeX internals redefined.
Package hyperref Info: Bookmarks ON on input line 4425.
\c@Hy@tempcnt=\count331

("C:/Program Files/MiKTeX/tex/latex/url/url.sty"
\Urlmuskip=\muskip16
Package: url 2013/09/16  ver 3.4  Verb mode for urls, etc.
)
LaTeX Info: Redefining \url on input line 4763.
\XeTeXLinkMargin=\dimen285

("C:/Program Files/MiKTeX/tex/generic/bitset/bitset.sty"
Package: bitset 2019/12/09 v1.3 Handle bit-vector datatype (HO)

("C:/Program Files/MiKTeX/tex/generic/bigintcalc/bigintcalc.sty"
Package: bigintcalc 2019/12/15 v1.5 Expandable calculations on big integers (HO
)
))
\Fld@menulength=\count332
\Field@Width=\dimen286
\Fld@charsize=\dimen287
Package hyperref Info: Hyper figures OFF on input line 6042.
Package hyperref Info: Link nesting OFF on input line 6047.
Package hyperref Info: Hyper index ON on input line 6050.
Package hyperref Info: backreferencing OFF on input line 6057.
Package hyperref Info: Link coloring OFF on input line 6062.
Package hyperref Info: Link coloring with OCG OFF on input line 6067.
Package hyperref Info: PDF/A mode OFF on input line 6072.

("C:/Program Files/MiKTeX/tex/latex/base/atbegshi-ltx.sty"
Package: atbegshi-ltx 2021/01/10 v1.0c Emulation of the original atbegshi
package with kernel methods
)
\Hy@abspage=\count333
\c@Item=\count334
\c@Hfootnote=\count335
)
Package hyperref Info: Driver (autodetected): hluatex.

("C:/Program Files/MiKTeX/tex/latex/hyperref/hluatex.def"
File: hluatex.def 2023-02-07 v7.00v Hyperref driver for luaTeX

("C:/Program Files/MiKTeX/tex/generic/stringenc/stringenc.sty"
Package: stringenc 2019/11/29 v1.12 Convert strings between diff. encodings (HO
)
)
("C:/Program Files/MiKTeX/tex/latex/base/atveryend-ltx.sty"
Package: atveryend-ltx 2020/08/19 v1.0a Emulation of the original atveryend pac
kage
with kernel methods
)
\Fld@listcount=\count336
\c@bookmark@seq@number=\count337

("C:/Program Files/MiKTeX/tex/latex/rerunfilecheck/rerunfilecheck.sty"
Package: rerunfilecheck 2022-07-10 v1.10 Rerun checks for auxiliary files (HO)

("C:/Program Files/MiKTeX/tex/generic/uniquecounter/uniquecounter.sty"
Package: uniquecounter 2019/12/15 v1.4 Provide unlimited unique counter (HO)
)
Package uniquecounter Info: New unique counter `rerunfilecheck' on input line 2
85.
)
\Hy@SectionHShift=\skip67
)
("C:/Program Files/MiKTeX/tex/latex/l3backend/l3backend-luatex.def"
File: l3backend-luatex.def 2023-03-30 L3 backend support: PDF output (LuaTeX)
\l__color_backend_stack_int=\count338
Inserting `l3color' in `luaotfload.parse_color'.
\l__pdf_internal_box=\box111
)
(./main.aux)
\openout1 = main.aux

LaTeX Font Info:    Checking defaults for OML/cmm/m/it on input line 44.
LaTeX Font Info:    ... okay on input line 44.
LaTeX Font Info:    Checking defaults for OMS/cmsy/m/n on input line 44.
LaTeX Font Info:    ... okay on input line 44.
LaTeX Font Info:    Checking defaults for OT1/cmr/m/n on input line 44.
LaTeX Font Info:    ... okay on input line 44.
LaTeX Font Info:    Checking defaults for T1/cmr/m/n on input line 44.
LaTeX Font Info:    ... okay on input line 44.
LaTeX Font Info:    Checking defaults for TS1/cmr/m/n on input line 44.
LaTeX Font Info:    Trying to load font information for TS1+cmr on input line 4
4.
 ("C:/Program Files/MiKTeX/tex/latex/base/ts1cmr.fd"
File: ts1cmr.fd 2022/07/10 v2.5l Standard LaTeX font definitions
)
LaTeX Font Info:    ... okay on input line 44.
LaTeX Font Info:    Checking defaults for TU/lmr/m/n on input line 44.
LaTeX Font Info:    ... okay on input line 44.
LaTeX Font Info:    Checking defaults for OMX/cmex/m/n on input line 44.
LaTeX Font Info:    ... okay on input line 44.
LaTeX Font Info:    Checking defaults for U/cmr/m/n on input line 44.
LaTeX Font Info:    ... okay on input line 44.
LaTeX Font Info:    Checking defaults for PD1/pdf/m/n on input line 44.
LaTeX Font Info:    ... okay on input line 44.
LaTeX Font Info:    Checking defaults for PU/pdf/m/n on input line 44.
LaTeX Font Info:    ... okay on input line 44.

("C:/Program Files/MiKTeX/tex/context/base/mkii/supp-pdf.mkii"
[Loading MPS to PDF converter (version 2006.09.02).]
\scratchcounter=\count339
\scratchdimen=\dimen288
\scratchbox=\box112
\nofMPsegments=\count340
\nofMParguments=\count341
\everyMPshowfont=\toks39
\MPscratchCnt=\count342
\MPscratchDim=\dimen289
\MPnumerator=\count343
\makeMPintoPDFobject=\count344
\everyMPtoPDFconversion=\toks40
) ("C:/Program Files/MiKTeX/tex/latex/epstopdf-pkg/epstopdf-base.sty"
Package: epstopdf-base 2020-01-24 v2.11 Base part for package epstopdf
Package epstopdf-base Info: Redefining graphics rule for `.eps' on input line 4
85.

("C:/Program Files/MiKTeX/tex/latex/00miktex/epstopdf-sys.cfg"
File: epstopdf-sys.cfg 2021/03/18 v2.0 Configuration of epstopdf for MiKTeX
))
*geometry* driver: auto-detecting
*geometry* detected driver: luatex
*geometry* verbose mode - [ preamble ] result:
* driver: luatex
* paper: a4paper
* layout: <same size as paper>
* layoutoffset:(h,v)=(0.0pt,0.0pt)
* modes: 
* h-part:(L,W,R)=(85.35826pt, 426.79135pt, 85.35826pt)
* v-part:(T,H,B)=(101.40665pt, 644.05556pt, 99.58464pt)
* \paperwidth=597.50787pt
* \paperheight=845.04684pt
* \textwidth=426.79135pt
* \textheight=644.05556pt
* \oddsidemargin=13.08827pt
* \evensidemargin=13.08827pt
* \topmargin=-7.86334pt
* \headheight=12.0pt
* \headsep=25.0pt
* \topskip=10.0pt
* \footskip=30.0pt
* \marginparwidth=57.0pt
* \marginparsep=11.0pt
* \columnsep=10.0pt
* \skip\footins=9.0pt plus 4.0pt minus 2.0pt
* \hoffset=0.0pt
* \voffset=0.0pt
* \mag=1000
* \@twocolumnfalse
* \@twosidefalse
* \@mparswitchfalse
* \@reversemarginfalse
* (1in=72.27pt=25.4mm, 1cm=28.453pt)

Package caption Info: Begin \AtBeginDocument code.
Package caption Info: hyperref package is loaded.
Package caption Info: End \AtBeginDocument code.
("C:/Program Files/MiKTeX/tex/latex/pdflscape/pdflscape.sty"
Package: pdflscape 2022-10-27 v0.13 Display of landscape pages in PDF

("C:/Program Files/MiKTeX/tex/latex/pdflscape/pdflscape-nometadata.sty"
Package: pdflscape-nometadata 2022-10-28 v0.13 Display of landscape pages in PD
F (HO)

("C:/Program Files/MiKTeX/tex/latex/graphics/lscape.sty"
Package: lscape 2020/05/28 v3.02 Landscape Pages (DPC)
)
Package pdflscape Info: Auto-detected driver: pdftex on input line 81.
))
Package hyperref Info: Link coloring OFF on input line 44.
 (./main.out)
(./main.out)
\@outlinefile=\write4

\openout4 = main.out
<pics/FEKT_zkratka_logo_RGB_CZ (1).png, id=122, 1955.305pt x 602.25pt>
File: pics/FEKT_zkratka_logo_RGB_CZ (1).png Graphic file (type png)
<use pics/FEKT_zkratka_logo_RGB_CZ (1).png>
Package luatex.def Info: pics/FEKT_zkratka_logo_RGB_CZ (1).png  used on input l
ine 74.
(luatex.def)             Requested size: 170.71393pt x 52.5736pt.
 [1

{C:/Users/Lukáš Lev/AppData/Local/MiKTeX/fonts/map/pdftex/pdftex.map}<./pics/F
EKT_zkratka_logo_RGB_CZ (1).png>]
<about_us_page/about_us_page.pdf, id=132, 597.50829pt x 845.04709pt>
File: about_us_page/about_us_page.pdf Graphic file (type pdf)
<use about_us_page/about_us_page.pdf>
Package luatex.def Info: about_us_page/about_us_page.pdf  used on input line 84
.
(luatex.def)             Requested size: 597.50682pt x 845.04503pt.
File: about_us_page/about_us_page.pdf Graphic file (type pdf)
<use about_us_page/about_us_page.pdf>
Package luatex.def Info: about_us_page/about_us_page.pdf  used on input line 84
.
(luatex.def)             Requested size: 597.50682pt x 845.04503pt.
<about_us_page/about_us_page.pdf, id=135, page=1, 597.50829pt x 845.04709pt>
File: about_us_page/about_us_page.pdf Graphic file (type pdf)
<use about_us_page/about_us_page.pdf, page 1>
Package luatex.def Info: about_us_page/about_us_page.pdf , page1 used on input 
line 84.
(luatex.def)             Requested size: 597.50682pt x 845.04503pt.
File: about_us_page/about_us_page.pdf Graphic file (type pdf)
<use about_us_page/about_us_page.pdf, page 1>
Package luatex.def Info: about_us_page/about_us_page.pdf , page1 used on input 
line 84.
(luatex.def)             Requested size: 597.53416pt x 845.08371pt.
File: about_us_page/about_us_page.pdf Graphic file (type pdf)
<use about_us_page/about_us_page.pdf, page 1>
Package luatex.def Info: about_us_page/about_us_page.pdf , page1 used on input 
line 84.
(luatex.def)             Requested size: 597.53416pt x 845.08371pt.
File: about_us_page/about_us_page.pdf Graphic file (type pdf)
<use about_us_page/about_us_page.pdf, page 1>
Package luatex.def Info: about_us_page/about_us_page.pdf , page1 used on input 
line 84.
(luatex.def)             Requested size: 597.53416pt x 845.08371pt.

warning  (pdf backend): ignoring duplicate destination with the name 'page.1'
File: about_us_page/about_us_page.pdf Graphic file (type pdf)
<use about_us_page/about_us_page.pdf, page 1>
Package luatex.def Info: about_us_page/about_us_page.pdf , page1 used on input 
line 84.
(luatex.def)             Requested size: 597.53416pt x 845.08371pt.
[1

<./about_us_page/about_us_page.pdf>] (./main.toc
LaTeX Font Info:    External font `cmex10' loaded for size
(Font)              <7> on input line 5.
LaTeX Font Info:    External font `cmex10' loaded for size
(Font)              <5> on input line 5.
)
\tf@toc=\write5

\openout5 = main.toc


LaTeX Warning: Hyper reference `acro:LP' on page 2 undefined on input line 94.


LaTeX Warning: Hyper reference `acro:LP' on page 2 undefined on input line 94.


LaTeX Warning: Hyper reference `acro:UNO' on page 2 undefined on input line 95.



LaTeX Warning: Hyper reference `acro:UNO' on page 2 undefined on input line 95.



LaTeX Warning: Hyper reference `acro:RPI' on page 2 undefined on input line 96.



LaTeX Warning: Hyper reference `acro:RPI' on page 2 undefined on input line 96.


<pics/FEKT_zkratka_logo_RGB_CZ.png, id=206, 1955.305pt x 602.25pt>
File: pics/FEKT_zkratka_logo_RGB_CZ.png Graphic file (type png)
<use pics/FEKT_zkratka_logo_RGB_CZ.png>
Package luatex.def Info: pics/FEKT_zkratka_logo_RGB_CZ.png  used on input line 
98.
(luatex.def)             Requested size: 71.13188pt x 21.90796pt.
[2<./pics/FEKT_zkratka_logo_RGB_CZ.png>]
Underfull \hbox (badness 10000) in paragraph at lines 101--102

 []


Underfull \hbox (badness 10000) in paragraph at lines 103--105

 []


Underfull \hbox (badness 10000) in paragraph at lines 106--108

 []


Underfull \hbox (badness 10000) in paragraph at lines 109--111

 []


Underfull \hbox (badness 10000) in paragraph at lines 112--114

 []


Underfull \hbox (badness 10000) in paragraph at lines 115--117

 []


Underfull \hbox (badness 10000) in paragraph at lines 118--120

 []


Underfull \hbox (badness 10000) in paragraph at lines 121--123

 []

File: pics/FEKT_zkratka_logo_RGB_CZ.png Graphic file (type png)
<use pics/FEKT_zkratka_logo_RGB_CZ.png>
Package luatex.def Info: pics/FEKT_zkratka_logo_RGB_CZ.png  used on input line 
123.
(luatex.def)             Requested size: 71.13188pt x 21.90796pt.
[3]
Overfull \hbox (0.38863pt too wide) in paragraph at lines 124--126
\TU/lmr/m/n/10 Táto do-ku-men-tá-cia po-sky-tuje de-tailný po-hľad na tech-n
ické rie-še-nia a kom-po-nenty pro-jektu, vrátane
 []


Underfull \hbox (badness 10000) in paragraph at lines 129--130

 []

<pics/construction/Obrázek 1 - kompletní model.png, id=227, 7708.8pt x 4336.2
pt>
File: pics/construction/Obrázek 1 - kompletní model.png Graphic file (type pn
g)
<use pics/construction/Obrázek 1 - kompletní model.png>
Package luatex.def Info: pics/construction/Obrázek 1 - kompletní model.png  u
sed on input line 133.
(luatex.def)             Requested size: 320.0935pt x 180.03496pt.

Underfull \hbox (badness 10000) in paragraph at lines 140--141

 []


Underfull \hbox (badness 10000) in paragraph at lines 142--144

 []

<pics/construction/Obrázek 2 - obrys.png, id=228, 1684.04156pt x 903.375pt>
File: pics/construction/Obrázek 2 - obrys.png Graphic file (type png)
<use pics/construction/Obrázek 2 - obrys.png>
Package luatex.def Info: pics/construction/Obrázek 2 - obrys.png  used on inpu
t line 147.
(luatex.def)             Requested size: 320.0935pt x 171.69817pt.

Underfull \hbox (badness 10000) in paragraph at lines 152--154

 []


Underfull \hbox (badness 10000) in paragraph at lines 155--157

 []


Underfull \hbox (badness 10000) in paragraph at lines 158--160

 []

File: pics/FEKT_zkratka_logo_RGB_CZ.png Graphic file (type png)
<use pics/FEKT_zkratka_logo_RGB_CZ.png>
Package luatex.def Info: pics/FEKT_zkratka_logo_RGB_CZ.png  used on input line 
160.
(luatex.def)             Requested size: 71.13188pt x 21.90796pt.
[4<./pics/construction/Obrázek 1 - kompletní model.png>]
Underfull \hbox (badness 10000) in paragraph at lines 161--163

 []


Underfull \hbox (badness 10000) in paragraph at lines 166--167

 []


Underfull \hbox (badness 10000) in paragraph at lines 170--171

 []


Underfull \hbox (badness 10000) in paragraph at lines 172--174

 []

<pics/construction/Obrázek 3 - Landing pad.png, id=238, 1485.29906pt x 904.880
63pt>
File: pics/construction/Obrázek 3 - Landing pad.png Graphic file (type png)
<use pics/construction/Obrázek 3 - Landing pad.png>
Package luatex.def Info: pics/construction/Obrázek 3 - Landing pad.png  used o
n input line 177.
(luatex.def)             Requested size: 320.0935pt x 195.00119pt.

Underfull \hbox (badness 10000) in paragraph at lines 184--185

 []

File: pics/FEKT_zkratka_logo_RGB_CZ.png Graphic file (type png)
<use pics/FEKT_zkratka_logo_RGB_CZ.png>
Package luatex.def Info: pics/FEKT_zkratka_logo_RGB_CZ.png  used on input line 
186.
(luatex.def)             Requested size: 71.13188pt x 21.90796pt.
[5<./pics/construction/Obrázek 2 - obrys.png>]
Underfull \hbox (badness 10000) in paragraph at lines 188--189

 []


Underfull \hbox (badness 10000) in paragraph at lines 193--194

 []


Underfull \hbox (badness 10000) in paragraph at lines 195--197

 []


Underfull \hbox (badness 10000) in paragraph at lines 198--200

 []

File: pics/FEKT_zkratka_logo_RGB_CZ.png Graphic file (type png)
<use pics/FEKT_zkratka_logo_RGB_CZ.png>
Package luatex.def Info: pics/FEKT_zkratka_logo_RGB_CZ.png  used on input line 
204.
(luatex.def)             Requested size: 71.13188pt x 21.90796pt.
[6<./pics/construction/Obrázek 3 - Landing pad.png>]
(./schematics/main_el_schematic.tikz
("C:/Program Files/MiKTeX/tex/generic/pgf/frontendlayer/tikz/libraries/tikzlibr
arypositioning.code.tex"
File: tikzlibrarypositioning.code.tex 2023-01-15 v3.1.10 (3.1.10)
)
("C:/Program Files/MiKTeX/tex/generic/pgf/frontendlayer/tikz/libraries/tikzlibr
arycalc.code.tex"
File: tikzlibrarycalc.code.tex 2023-01-15 v3.1.10 (3.1.10)
))
<schematics/Logic scheme.png, id=288, 453.695pt x 343.2825pt>
File: schematics/Logic scheme.png Graphic file (type png)
<use schematics/Logic scheme.png>
Package luatex.def Info: schematics/Logic scheme.png  used on input line 231.
(luatex.def)             Requested size: 320.0935pt x 242.19751pt.


LaTeX Warning: `!h' float specifier changed to `!ht'.


Underfull \hbox (badness 10000) in paragraph at lines 236--237

 []


Underfull \hbox (badness 10000) in paragraph at lines 238--240

 []

File: pics/FEKT_zkratka_logo_RGB_CZ.png Graphic file (type png)
<use pics/FEKT_zkratka_logo_RGB_CZ.png>
Package luatex.def Info: pics/FEKT_zkratka_logo_RGB_CZ.png  used on input line 
241.
(luatex.def)             Requested size: 71.13188pt x 21.90796pt.
[7]
File: pics/FEKT_zkratka_logo_RGB_CZ.png Graphic file (type png)
<use pics/FEKT_zkratka_logo_RGB_CZ.png>
Package luatex.def Info: pics/FEKT_zkratka_logo_RGB_CZ.png  used on input line 
253.
(luatex.def)             Requested size: 71.13188pt x 21.90796pt.
 [8<./schematics/Logic scheme.png>]
<schematics/HP module(3)_final.png, id=311, 882.29625pt x 266.9975pt>
File: schematics/HP module(3)_final.png Graphic file (type png)
<use schematics/HP module(3)_final.png>
Package luatex.def Info: schematics/HP module(3)_final.png  used on input line 
261.
(luatex.def)             Requested size: 426.79135pt x 129.15547pt.
<schematics/GPIO_pinout.jpg, id=319, 1027.84pt x 590.205pt>
File: schematics/GPIO_pinout.jpg Graphic file (type jpg)
<use schematics/GPIO_pinout.jpg>
Package luatex.def Info: schematics/GPIO_pinout.jpg  used on input line 282.
(luatex.def)             Requested size: 426.79135pt x 245.0746pt.


LaTeX Warning: `!h' float specifier changed to `!ht'.


Underfull \hbox (badness 10000) in paragraph at lines 289--290

 []


Underfull \hbox (badness 10000) in paragraph at lines 291--293

 []


Underfull \hbox (badness 10000) in paragraph at lines 296--297

 []

File: pics/FEKT_zkratka_logo_RGB_CZ.png Graphic file (type png)
<use pics/FEKT_zkratka_logo_RGB_CZ.png>
Package luatex.def Info: pics/FEKT_zkratka_logo_RGB_CZ.png  used on input line 
297.
(luatex.def)             Requested size: 71.13188pt x 21.90796pt.
[9<./schematics/HP module(3)_final.png>]
Underfull \hbox (badness 10000) in paragraph at lines 300--301

 []


Underfull \hbox (badness 10000) in paragraph at lines 307--308

 []

<schematics/circuit-20241208-1446.png, id=346, 750.805pt x 389.455pt>
File: schematics/circuit-20241208-1446.png Graphic file (type png)
<use schematics/circuit-20241208-1446.png>
Package luatex.def Info: schematics/circuit-20241208-1446.png  used on input li
ne 311.
(luatex.def)             Requested size: 320.0935pt x 166.0421pt.

LaTeX Warning: `!h' float specifier changed to `!ht'.

File: pics/FEKT_zkratka_logo_RGB_CZ.png Graphic file (type png)
<use pics/FEKT_zkratka_logo_RGB_CZ.png>
Package luatex.def Info: pics/FEKT_zkratka_logo_RGB_CZ.png  used on input line 
320.
(luatex.def)             Requested size: 71.13188pt x 21.90796pt.
[10<./schematics/GPIO_pinout.jpg>]
<schematics/BATcircuit-20241208-1501.png, id=361, 815.045pt x 389.455pt>
File: schematics/BATcircuit-20241208-1501.png Graphic file (type png)
<use schematics/BATcircuit-20241208-1501.png>
Package luatex.def Info: schematics/BATcircuit-20241208-1501.png  used on input
 line 327.
(luatex.def)             Requested size: 320.0935pt x 152.95056pt.
File: pics/FEKT_zkratka_logo_RGB_CZ.png Graphic file (type png)
<use pics/FEKT_zkratka_logo_RGB_CZ.png>
Package luatex.def Info: pics/FEKT_zkratka_logo_RGB_CZ.png  used on input line 
337.
(luatex.def)             Requested size: 71.13188pt x 21.90796pt.
 [11<./schematics/circuit-20241208-1446.png><./schematics/BATcircuit-20241208-15
01.png>]
File: pics/FEKT_zkratka_logo_RGB_CZ.png Graphic file (type png)
<use pics/FEKT_zkratka_logo_RGB_CZ.png>
Package luatex.def Info: pics/FEKT_zkratka_logo_RGB_CZ.png  used on input line 
400.
(luatex.def)             Requested size: 71.13188pt x 21.90796pt.
 [12]
Underfull \hbox (badness 10000) in paragraph at lines 402--403

 []


Underfull \hbox (badness 10000) in paragraph at lines 404--406

 []


Underfull \hbox (badness 10000) in paragraph at lines 407--409

 []


Underfull \hbox (badness 10000) in paragraph at lines 410--412

 []

File: pics/FEKT_zkratka_logo_RGB_CZ.png Graphic file (type png)
<use pics/FEKT_zkratka_logo_RGB_CZ.png>
Package luatex.def Info: pics/FEKT_zkratka_logo_RGB_CZ.png  used on input line 
415.
(luatex.def)             Requested size: 71.13188pt x 21.90796pt.
[13] (./main.lof)
\tf@lof=\write6

\openout6 = main.lof
<drawings/MODEL 1.pdf, id=393, 597.50829pt x 845.04709pt>
File: drawings/MODEL 1.pdf Graphic file (type pdf)
<use drawings/MODEL 1.pdf>
Package luatex.def Info: drawings/MODEL 1.pdf  used on input line 419.
(luatex.def)             Requested size: 597.50682pt x 845.04503pt.
File: drawings/MODEL 1.pdf Graphic file (type pdf)
<use drawings/MODEL 1.pdf>
Package luatex.def Info: drawings/MODEL 1.pdf  used on input line 419.
(luatex.def)             Requested size: 597.50682pt x 845.04503pt.
<drawings/MODEL 1.pdf, id=396, page=1, 597.50829pt x 845.04709pt>
File: drawings/MODEL 1.pdf Graphic file (type pdf)
<use drawings/MODEL 1.pdf, page 1>
Package luatex.def Info: drawings/MODEL 1.pdf , page1 used on input line 419.
(luatex.def)             Requested size: 597.50682pt x 845.04503pt.
File: drawings/MODEL 1.pdf Graphic file (type pdf)
<use drawings/MODEL 1.pdf, page 1>
Package luatex.def Info: drawings/MODEL 1.pdf , page1 used on input line 419.
(luatex.def)             Requested size: 597.53416pt x 845.08371pt.
File: pics/FEKT_zkratka_logo_RGB_CZ.png Graphic file (type png)
<use pics/FEKT_zkratka_logo_RGB_CZ.png>
Package luatex.def Info: pics/FEKT_zkratka_logo_RGB_CZ.png  used on input line 
419.
(luatex.def)             Requested size: 71.13188pt x 21.90796pt.
 [14]
File: drawings/MODEL 1.pdf Graphic file (type pdf)
<use drawings/MODEL 1.pdf, page 1>
Package luatex.def Info: drawings/MODEL 1.pdf , page1 used on input line 419.
(luatex.def)             Requested size: 597.53416pt x 845.08371pt.
File: drawings/MODEL 1.pdf Graphic file (type pdf)
<use drawings/MODEL 1.pdf, page 1>
Package luatex.def Info: drawings/MODEL 1.pdf , page1 used on input line 419.
(luatex.def)             Requested size: 597.53416pt x 845.08371pt.
File: drawings/MODEL 1.pdf Graphic file (type pdf)
<use drawings/MODEL 1.pdf, page 1>
Package luatex.def Info: drawings/MODEL 1.pdf , page1 used on input line 419.
(luatex.def)             Requested size: 597.53416pt x 845.08371pt.
 [15

<./drawings/MODEL 1.pdf>]
warning  (file drawings/MODEL 2.pdf) (pdf inclusion): PDF inclusion: found PDF v
ersion '1.7', but at most version '1.5' allowed
<drawings/MODEL 2.pdf, id=415, 597.23125pt x 845.1575pt>
File: drawings/MODEL 2.pdf Graphic file (type pdf)
<use drawings/MODEL 2.pdf>
Package luatex.def Info: drawings/MODEL 2.pdf  used on input line 420.
(luatex.def)             Requested size: 597.22978pt x 845.15544pt.

warning  (file drawings/MODEL 2.pdf) (pdf inclusion): PDF inclusion: found PDF v
ersion '1.7', but at most version '1.5' allowed
File: drawings/MODEL 2.pdf Graphic file (type pdf)
<use drawings/MODEL 2.pdf>
Package luatex.def Info: drawings/MODEL 2.pdf  used on input line 420.
(luatex.def)             Requested size: 597.22978pt x 845.15544pt.

warning  (file drawings/MODEL 2.pdf) (pdf inclusion): PDF inclusion: found PDF v
ersion '1.7', but at most version '1.5' allowed

warning  (file drawings/MODEL 2.pdf) (pdf inclusion): PDF inclusion: found PDF v
ersion '1.7', but at most version '1.5' allowed
<drawings/MODEL 2.pdf, id=418, page=1, 597.23125pt x 845.1575pt>
File: drawings/MODEL 2.pdf Graphic file (type pdf)
<use drawings/MODEL 2.pdf, page 1>
Package luatex.def Info: drawings/MODEL 2.pdf , page1 used on input line 420.
(luatex.def)             Requested size: 597.22978pt x 845.15544pt.
File: drawings/MODEL 2.pdf Graphic file (type pdf)
<use drawings/MODEL 2.pdf, page 1>
Package luatex.def Info: drawings/MODEL 2.pdf , page1 used on input line 420.
(luatex.def)             Requested size: 597.25711pt x 845.19412pt.
File: drawings/MODEL 2.pdf Graphic file (type pdf)
<use drawings/MODEL 2.pdf, page 1>
Package luatex.def Info: drawings/MODEL 2.pdf , page1 used on input line 420.
(luatex.def)             Requested size: 597.25711pt x 845.19412pt.
File: drawings/MODEL 2.pdf Graphic file (type pdf)
<use drawings/MODEL 2.pdf, page 1>
Package luatex.def Info: drawings/MODEL 2.pdf , page1 used on input line 420.
(luatex.def)             Requested size: 597.25711pt x 845.19412pt.
File: drawings/MODEL 2.pdf Graphic file (type pdf)
<use drawings/MODEL 2.pdf, page 1>
Package luatex.def Info: drawings/MODEL 2.pdf , page1 used on input line 420.
(luatex.def)             Requested size: 597.25711pt x 845.19412pt.
[16

<./drawings/MODEL 2.pdf>]
<drawings/MODEL 3.pdf, id=433, 597.50829pt x 845.04709pt>
File: drawings/MODEL 3.pdf Graphic file (type pdf)
<use drawings/MODEL 3.pdf>
Package luatex.def Info: drawings/MODEL 3.pdf  used on input line 421.
(luatex.def)             Requested size: 597.50682pt x 845.04503pt.
File: drawings/MODEL 3.pdf Graphic file (type pdf)
<use drawings/MODEL 3.pdf>
Package luatex.def Info: drawings/MODEL 3.pdf  used on input line 421.
(luatex.def)             Requested size: 597.50682pt x 845.04503pt.
<drawings/MODEL 3.pdf, id=436, page=1, 597.50829pt x 845.04709pt>
File: drawings/MODEL 3.pdf Graphic file (type pdf)
<use drawings/MODEL 3.pdf, page 1>
Package luatex.def Info: drawings/MODEL 3.pdf , page1 used on input line 421.
(luatex.def)             Requested size: 597.50682pt x 845.04503pt.
File: drawings/MODEL 3.pdf Graphic file (type pdf)
<use drawings/MODEL 3.pdf, page 1>
Package luatex.def Info: drawings/MODEL 3.pdf , page1 used on input line 421.
(luatex.def)             Requested size: 597.53416pt x 845.08371pt.
File: drawings/MODEL 3.pdf Graphic file (type pdf)
<use drawings/MODEL 3.pdf, page 1>
Package luatex.def Info: drawings/MODEL 3.pdf , page1 used on input line 421.
(luatex.def)             Requested size: 597.53416pt x 845.08371pt.
File: drawings/MODEL 3.pdf Graphic file (type pdf)
<use drawings/MODEL 3.pdf, page 1>
Package luatex.def Info: drawings/MODEL 3.pdf , page1 used on input line 421.
(luatex.def)             Requested size: 597.53416pt x 845.08371pt.
File: drawings/MODEL 3.pdf Graphic file (type pdf)
<use drawings/MODEL 3.pdf, page 1>
Package luatex.def Info: drawings/MODEL 3.pdf , page1 used on input line 421.
(luatex.def)             Requested size: 597.53416pt x 845.08371pt.
 [17

<./drawings/MODEL 3.pdf>]
warning  (file drawings/MODEL 4.pdf) (pdf inclusion): PDF inclusion: found PDF v
ersion '1.7', but at most version '1.5' allowed
<drawings/MODEL 4.pdf, id=449, 597.23125pt x 845.1575pt>
File: drawings/MODEL 4.pdf Graphic file (type pdf)
<use drawings/MODEL 4.pdf>
Package luatex.def Info: drawings/MODEL 4.pdf  used on input line 422.
(luatex.def)             Requested size: 597.22978pt x 845.15544pt.

warning  (file drawings/MODEL 4.pdf) (pdf inclusion): PDF inclusion: found PDF v
ersion '1.7', but at most version '1.5' allowed
File: drawings/MODEL 4.pdf Graphic file (type pdf)
<use drawings/MODEL 4.pdf>
Package luatex.def Info: drawings/MODEL 4.pdf  used on input line 422.
(luatex.def)             Requested size: 597.22978pt x 845.15544pt.

warning  (file drawings/MODEL 4.pdf) (pdf inclusion): PDF inclusion: found PDF v
ersion '1.7', but at most version '1.5' allowed

warning  (file drawings/MODEL 4.pdf) (pdf inclusion): PDF inclusion: found PDF v
ersion '1.7', but at most version '1.5' allowed
<drawings/MODEL 4.pdf, id=452, page=1, 597.23125pt x 845.1575pt>
File: drawings/MODEL 4.pdf Graphic file (type pdf)
<use drawings/MODEL 4.pdf, page 1>
Package luatex.def Info: drawings/MODEL 4.pdf , page1 used on input line 422.
(luatex.def)             Requested size: 597.22978pt x 845.15544pt.
File: drawings/MODEL 4.pdf Graphic file (type pdf)
<use drawings/MODEL 4.pdf, page 1>
Package luatex.def Info: drawings/MODEL 4.pdf , page1 used on input line 422.
(luatex.def)             Requested size: 597.25711pt x 845.19412pt.
File: drawings/MODEL 4.pdf Graphic file (type pdf)
<use drawings/MODEL 4.pdf, page 1>
Package luatex.def Info: drawings/MODEL 4.pdf , page1 used on input line 422.
(luatex.def)             Requested size: 597.25711pt x 845.19412pt.
File: drawings/MODEL 4.pdf Graphic file (type pdf)
<use drawings/MODEL 4.pdf, page 1>
Package luatex.def Info: drawings/MODEL 4.pdf , page1 used on input line 422.
(luatex.def)             Requested size: 597.25711pt x 845.19412pt.
File: drawings/MODEL 4.pdf Graphic file (type pdf)
<use drawings/MODEL 4.pdf, page 1>
Package luatex.def Info: drawings/MODEL 4.pdf , page1 used on input line 422.
(luatex.def)             Requested size: 597.25711pt x 845.19412pt.
[18

<./drawings/MODEL 4.pdf>]
warning  (file drawings/MODEL 5.pdf) (pdf inclusion): PDF inclusion: found PDF v
ersion '1.7', but at most version '1.5' allowed
<drawings/MODEL 5.pdf, id=467, 597.23125pt x 845.1575pt>
File: drawings/MODEL 5.pdf Graphic file (type pdf)
<use drawings/MODEL 5.pdf>
Package luatex.def Info: drawings/MODEL 5.pdf  used on input line 423.
(luatex.def)             Requested size: 597.22978pt x 845.15544pt.

warning  (file drawings/MODEL 5.pdf) (pdf inclusion): PDF inclusion: found PDF v
ersion '1.7', but at most version '1.5' allowed
File: drawings/MODEL 5.pdf Graphic file (type pdf)
<use drawings/MODEL 5.pdf>
Package luatex.def Info: drawings/MODEL 5.pdf  used on input line 423.
(luatex.def)             Requested size: 597.22978pt x 845.15544pt.

warning  (file drawings/MODEL 5.pdf) (pdf inclusion): PDF inclusion: found PDF v
ersion '1.7', but at most version '1.5' allowed

warning  (file drawings/MODEL 5.pdf) (pdf inclusion): PDF inclusion: found PDF v
ersion '1.7', but at most version '1.5' allowed
<drawings/MODEL 5.pdf, id=470, page=1, 597.23125pt x 845.1575pt>
File: drawings/MODEL 5.pdf Graphic file (type pdf)
<use drawings/MODEL 5.pdf, page 1>
Package luatex.def Info: drawings/MODEL 5.pdf , page1 used on input line 423.
(luatex.def)             Requested size: 597.22978pt x 845.15544pt.
File: drawings/MODEL 5.pdf Graphic file (type pdf)
<use drawings/MODEL 5.pdf, page 1>
Package luatex.def Info: drawings/MODEL 5.pdf , page1 used on input line 423.
(luatex.def)             Requested size: 597.25711pt x 845.19412pt.
File: drawings/MODEL 5.pdf Graphic file (type pdf)
<use drawings/MODEL 5.pdf, page 1>
Package luatex.def Info: drawings/MODEL 5.pdf , page1 used on input line 423.
(luatex.def)             Requested size: 597.25711pt x 845.19412pt.
File: drawings/MODEL 5.pdf Graphic file (type pdf)
<use drawings/MODEL 5.pdf, page 1>
Package luatex.def Info: drawings/MODEL 5.pdf , page1 used on input line 423.
(luatex.def)             Requested size: 597.25711pt x 845.19412pt.
File: drawings/MODEL 5.pdf Graphic file (type pdf)
<use drawings/MODEL 5.pdf, page 1>
Package luatex.def Info: drawings/MODEL 5.pdf , page1 used on input line 423.
(luatex.def)             Requested size: 597.25711pt x 845.19412pt.
[19

<./drawings/MODEL 5.pdf>]
warning  (file drawings/MODEL 6.pdf) (pdf inclusion): PDF inclusion: found PDF v
ersion '1.7', but at most version '1.5' allowed
<drawings/MODEL 6.pdf, id=486, 597.23125pt x 845.1575pt>
File: drawings/MODEL 6.pdf Graphic file (type pdf)
<use drawings/MODEL 6.pdf>
Package luatex.def Info: drawings/MODEL 6.pdf  used on input line 424.
(luatex.def)             Requested size: 597.22978pt x 845.15544pt.

warning  (file drawings/MODEL 6.pdf) (pdf inclusion): PDF inclusion: found PDF v
ersion '1.7', but at most version '1.5' allowed
File: drawings/MODEL 6.pdf Graphic file (type pdf)
<use drawings/MODEL 6.pdf>
Package luatex.def Info: drawings/MODEL 6.pdf  used on input line 424.
(luatex.def)             Requested size: 597.22978pt x 845.15544pt.

warning  (file drawings/MODEL 6.pdf) (pdf inclusion): PDF inclusion: found PDF v
ersion '1.7', but at most version '1.5' allowed

warning  (file drawings/MODEL 6.pdf) (pdf inclusion): PDF inclusion: found PDF v
ersion '1.7', but at most version '1.5' allowed
<drawings/MODEL 6.pdf, id=489, page=1, 597.23125pt x 845.1575pt>
File: drawings/MODEL 6.pdf Graphic file (type pdf)
<use drawings/MODEL 6.pdf, page 1>
Package luatex.def Info: drawings/MODEL 6.pdf , page1 used on input line 424.
(luatex.def)             Requested size: 597.22978pt x 845.15544pt.
File: drawings/MODEL 6.pdf Graphic file (type pdf)
<use drawings/MODEL 6.pdf, page 1>
Package luatex.def Info: drawings/MODEL 6.pdf , page1 used on input line 424.
(luatex.def)             Requested size: 597.25711pt x 845.19412pt.
File: drawings/MODEL 6.pdf Graphic file (type pdf)
<use drawings/MODEL 6.pdf, page 1>
Package luatex.def Info: drawings/MODEL 6.pdf , page1 used on input line 424.
(luatex.def)             Requested size: 597.25711pt x 845.19412pt.
File: drawings/MODEL 6.pdf Graphic file (type pdf)
<use drawings/MODEL 6.pdf, page 1>
Package luatex.def Info: drawings/MODEL 6.pdf , page1 used on input line 424.
(luatex.def)             Requested size: 597.25711pt x 845.19412pt.
File: drawings/MODEL 6.pdf Graphic file (type pdf)
<use drawings/MODEL 6.pdf, page 1>
Package luatex.def Info: drawings/MODEL 6.pdf , page1 used on input line 424.
(luatex.def)             Requested size: 597.25711pt x 845.19412pt.
[20

<./drawings/MODEL 6.pdf>]
warning  (file drawings/MODEL 7.pdf) (pdf inclusion): PDF inclusion: found PDF v
ersion '1.7', but at most version '1.5' allowed
<drawings/MODEL 7.pdf, id=506, 597.23125pt x 845.1575pt>
File: drawings/MODEL 7.pdf Graphic file (type pdf)
<use drawings/MODEL 7.pdf>
Package luatex.def Info: drawings/MODEL 7.pdf  used on input line 425.
(luatex.def)             Requested size: 597.22978pt x 845.15544pt.

warning  (file drawings/MODEL 7.pdf) (pdf inclusion): PDF inclusion: found PDF v
ersion '1.7', but at most version '1.5' allowed
File: drawings/MODEL 7.pdf Graphic file (type pdf)
<use drawings/MODEL 7.pdf>
Package luatex.def Info: drawings/MODEL 7.pdf  used on input line 425.
(luatex.def)             Requested size: 597.22978pt x 845.15544pt.

warning  (file drawings/MODEL 7.pdf) (pdf inclusion): PDF inclusion: found PDF v
ersion '1.7', but at most version '1.5' allowed

warning  (file drawings/MODEL 7.pdf) (pdf inclusion): PDF inclusion: found PDF v
ersion '1.7', but at most version '1.5' allowed
<drawings/MODEL 7.pdf, id=509, page=1, 597.23125pt x 845.1575pt>
File: drawings/MODEL 7.pdf Graphic file (type pdf)
<use drawings/MODEL 7.pdf, page 1>
Package luatex.def Info: drawings/MODEL 7.pdf , page1 used on input line 425.
(luatex.def)             Requested size: 597.22978pt x 845.15544pt.
File: drawings/MODEL 7.pdf Graphic file (type pdf)
<use drawings/MODEL 7.pdf, page 1>
Package luatex.def Info: drawings/MODEL 7.pdf , page1 used on input line 425.
(luatex.def)             Requested size: 597.25711pt x 845.19412pt.
File: drawings/MODEL 7.pdf Graphic file (type pdf)
<use drawings/MODEL 7.pdf, page 1>
Package luatex.def Info: drawings/MODEL 7.pdf , page1 used on input line 425.
(luatex.def)             Requested size: 597.25711pt x 845.19412pt.
File: drawings/MODEL 7.pdf Graphic file (type pdf)
<use drawings/MODEL 7.pdf, page 1>
Package luatex.def Info: drawings/MODEL 7.pdf , page1 used on input line 425.
(luatex.def)             Requested size: 597.25711pt x 845.19412pt.
File: drawings/MODEL 7.pdf Graphic file (type pdf)
<use drawings/MODEL 7.pdf, page 1>
Package luatex.def Info: drawings/MODEL 7.pdf , page1 used on input line 425.
(luatex.def)             Requested size: 597.25711pt x 845.19412pt.
[21

<./drawings/MODEL 7.pdf>]
warning  (file drawings/MODEL 8.pdf) (pdf inclusion): PDF inclusion: found PDF v
ersion '1.7', but at most version '1.5' allowed
<drawings/MODEL 8.pdf, id=525, 597.23125pt x 845.1575pt>
File: drawings/MODEL 8.pdf Graphic file (type pdf)
<use drawings/MODEL 8.pdf>
Package luatex.def Info: drawings/MODEL 8.pdf  used on input line 426.
(luatex.def)             Requested size: 597.22978pt x 845.15544pt.

warning  (file drawings/MODEL 8.pdf) (pdf inclusion): PDF inclusion: found PDF v
ersion '1.7', but at most version '1.5' allowed
File: drawings/MODEL 8.pdf Graphic file (type pdf)
<use drawings/MODEL 8.pdf>
Package luatex.def Info: drawings/MODEL 8.pdf  used on input line 426.
(luatex.def)             Requested size: 597.22978pt x 845.15544pt.

warning  (file drawings/MODEL 8.pdf) (pdf inclusion): PDF inclusion: found PDF v
ersion '1.7', but at most version '1.5' allowed

warning  (file drawings/MODEL 8.pdf) (pdf inclusion): PDF inclusion: found PDF v
ersion '1.7', but at most version '1.5' allowed
<drawings/MODEL 8.pdf, id=528, page=1, 597.23125pt x 845.1575pt>
File: drawings/MODEL 8.pdf Graphic file (type pdf)
<use drawings/MODEL 8.pdf, page 1>
Package luatex.def Info: drawings/MODEL 8.pdf , page1 used on input line 426.
(luatex.def)             Requested size: 597.22978pt x 845.15544pt.
File: drawings/MODEL 8.pdf Graphic file (type pdf)
<use drawings/MODEL 8.pdf, page 1>
Package luatex.def Info: drawings/MODEL 8.pdf , page1 used on input line 426.
(luatex.def)             Requested size: 597.25711pt x 845.19412pt.
File: drawings/MODEL 8.pdf Graphic file (type pdf)
<use drawings/MODEL 8.pdf, page 1>
Package luatex.def Info: drawings/MODEL 8.pdf , page1 used on input line 426.
(luatex.def)             Requested size: 597.25711pt x 845.19412pt.
File: drawings/MODEL 8.pdf Graphic file (type pdf)
<use drawings/MODEL 8.pdf, page 1>
Package luatex.def Info: drawings/MODEL 8.pdf , page1 used on input line 426.
(luatex.def)             Requested size: 597.25711pt x 845.19412pt.
File: drawings/MODEL 8.pdf Graphic file (type pdf)
<use drawings/MODEL 8.pdf, page 1>
Package luatex.def Info: drawings/MODEL 8.pdf , page1 used on input line 426.
(luatex.def)             Requested size: 597.25711pt x 845.19412pt.
[22

<./drawings/MODEL 8.pdf>] (./main.aux)

LaTeX Warning: There were undefined references.


LaTeX Warning: Label(s) may have changed. Rerun to get cross-references right.

Package rerunfilecheck Info: File `main.out' has not changed.
(rerunfilecheck)             Checksum: 0D739C3DC5555ABFDCDCFE7376DCAED9;4514.
)

Here is how much of LuaTeX's memory you used:
 26243 strings out of 478278
 100000,1977958 words of node,token memory allocated
 517 words of node memory still in use:
   4 hlist, 1 vlist, 1 rule, 5 glue, 3 kern, 1 glyph, 11 attribute, 59 glue_spec
, 7 attribute_list, 3 write nodes
   avail lists: 2:1829,3:642,4:118,5:919,6:119,7:9481,8:2,9:609,10:14,11:1179
 44796 multiletter control sequences out of 65536+600000
 37 fonts using 2919775 bytes
 84i,17n,85p,922b,1013s stack positions out of 10000i,1000n,20000p,200000b,200000s

warning  (pdf backend): unreferenced destination with name 'dwg:8'

warning  (pdf backend): unreferenced destination with name 'dwg:7'

warning  (pdf backend): unreferenced destination with name 'dwg:6'

warning  (pdf backend): unreferenced destination with name 'dwg:4'

warning  (pdf backend): unreferenced destination with name 'dwg:3'

warning  (pdf backend): unreferenced destination with name 'dwg:2'

warning  (pdf backend): unreferenced destination with name 'dwg:1'
<//?/c:/program files/miktex/fonts/opentype/public/lm/lmmono10-regular.otf><//?/
c:/program files/miktex/fonts/opentype/public/lm/lmroman10-italic.otf><//?/c:/pr
ogram files/miktex/fonts/opentype/public/lm/lmroman10-regular.otf><//?/c:/progra
m files/miktex/fonts/opentype/public/lm/lmroman10-bold.otf><//?/c:/program files
/miktex/fonts/opentype/public/lm/lmroman9-regular.otf><//?/c:/program files/mikt
ex/fonts/opentype/public/lm/lmroman12-regular.otf><//?/c:/program files/miktex/f
onts/opentype/public/lm/lmroman17-regular.otf><//?/c:/program files/miktex/fonts
/opentype/public/lm/lmroman12-bold.otf><C:/Program Files/MiKTeX/fonts/type1/publ
ic/amsfonts/cm/cmr7.pfb>
Output written on main.pdf (23 pages, 15954591 bytes).

PDF statistics: 603 PDF objects out of 1000 (max. 8388607)
 81 named destinations out of 1000 (max. 131072)
 248 words of extra memory for PDF output out of 10000 (max. 100000000)

