\BOOKMARK [1][-]{section.1}{\376\377\000A\000k\000r\000o\000n\000y\000m\000y}{}% 1
\BOOKMARK [1][-]{section.2}{\376\377\000\332\000v\000o\000d}{}% 2
\BOOKMARK [1][-]{section.3}{\376\377\000M\000e\000c\000h\000a\000n\000i\000c\000k\000\375\000\040\000d\000e\000s\000i\000g\000n}{}% 3
\BOOKMARK [2][-]{subsection.3.1}{\376\377\000P\000o\000u\001\176\000i\000t\000\375\000\040\000m\000a\000t\000e\000r\000i\000\341\000l}{section.3}% 4
\BOOKMARK [2][-]{subsection.3.2}{\376\377\000Z\000\341\000k\000l\000a\000d\000n\000a\000\040\000h\000a\000n\000g\000\341\000r\000u}{section.3}% 5
\BOOKMARK [2][-]{subsection.3.3}{\376\377\000S\000t\001\131\000e\000d\000n\000\355\000\040\001\015\000\341\000s\000t\000\040\000h\000a\000n\000g\000\341\000r\000u\000\040\000-\000\040\040\036\000L\000a\000n\000d\000i\000n\000g\000\040\000p\000a\000d\040\034}{section.3}% 6
\BOOKMARK [3][-]{subsubsection.3.3.1}{\376\377\000M\000e\000c\000h\000a\000n\000i\000s\000m\000u\000s\000\040\000z\000a\000r\000o\000v\000n\000\341\000n\000\355\000\040\000d\000r\000o\000n\000u}{subsection.3.3}% 7
\BOOKMARK [2][-]{subsection.3.4}{\376\377\000D\000v\000e\001\131\000e}{section.3}% 8
\BOOKMARK [3][-]{subsubsection.3.4.1}{\376\377\000M\000e\000c\000h\000a\000n\000i\000s\000m\000u\000s\000\040\000p\000o\000h\000y\000b\000u\000\040\000d\000v\000e\001\131\000\355}{subsection.3.4}% 9
\BOOKMARK [2][-]{subsection.3.5}{\376\377\000N\000\341\000k\000r\000e\000s\000y\000\040\000m\000o\000d\000e\000l\001\157}{section.3}% 10
\BOOKMARK [1][-]{section.4}{\376\377\000E\000l\000e\000k\000t\000r\000o\000n\000i\000k\000a}{}% 11
\BOOKMARK [2][-]{subsection.4.1}{\376\377\000S\000c\000h\000\351\000m\000a\000\040\000e\000l\000e\000k\000t\000r\000o\000n\000i\000k\000y\000\040\000h\000a\000n\000g\000\341\000r\000u}{section.4}% 12
\BOOKMARK [2][-]{subsection.4.2}{\376\377\001\130\000\355\000d\000\355\000c\000\355\000\040\000j\000e\000d\000n\000o\000t\000k\000a}{section.4}% 13
\BOOKMARK [2][-]{subsection.4.3}{\376\377\000N\000a\000p\000\341\000j\000e\000n\000\355}{section.4}% 14
\BOOKMARK [2][-]{subsection.4.4}{\376\377\000P\000e\000r\000i\000f\000e\000r\000i\000e}{section.4}% 15
\BOOKMARK [3][-]{subsubsection.4.4.1}{\376\377\000S\000e\000n\000z\000o\000r\000y\000\040\000p\000r\000o\000\040\000m\001\033\001\131\000e\000n\000\355\000\040\000t\000e\000p\000l\000o\000t\000y}{subsection.4.4}% 16
\BOOKMARK [3][-]{subsubsection.4.4.2}{\376\377\000K\000a\000m\000e\000r\000y}{subsection.4.4}% 17
\BOOKMARK [3][-]{subsubsection.4.4.3}{\376\377\000O\000v\000l\000\341\000d\000\341\000n\000\355\000\040\000k\000r\000o\000k\000o\000v\000\375\000c\000h\000\040\000m\000o\000t\000o\000r\001\157}{subsection.4.4}% 18
\BOOKMARK [3][-]{subsubsection.4.4.4}{\376\377\000O\000v\000l\000\341\000d\000\341\000n\000\355\000\040\000m\000o\000t\000o\000r\001\157\000\040\000z\000a\000r\000o\000v\000n\000\341\000v\000a\000j\000\355\000c\000\355\000c\000h\000\040\000d\000r\000o\000n}{subsection.4.4}% 19
\BOOKMARK [3][-]{subsubsection.4.4.5}{\376\377\000P\000e\000l\000t\000i\000e\000r\000o\000v\000y\000\040\001\015\000l\000\341\000n\000k\000y\000\040\000p\000r\000o\000\040\000t\000e\000r\000m\000o\000r\000e\000g\000u\000l\000a\000c\000i}{subsection.4.4}% 20
\BOOKMARK [3][-]{subsubsection.4.4.6}{\376\377\000M\000o\000d\000u\000l\000\040\000p\000r\000o\000\040\000o\000d\000e\001\015\000\355\000t\000\341\000n\000\355\000\040\000s\000t\000a\000v\000u\000\040\000b\000a\000t\000e\000r\000i\000e}{subsection.4.4}% 21
\BOOKMARK [1][-]{section.5}{\376\377\000I\000T}{}% 22
\BOOKMARK [2][-]{subsection.5.1}{\376\377\000S\000o\000f\000t\000v\000\351\000r\000o\000v\000\341\000\040\000a\000r\000c\000h\000i\000t\000e\000k\000t\000\372\000r\000a\000\040\000h\000a\000n\000g\000\341\000r\000u}{section.5}% 23
\BOOKMARK [2][-]{subsection.5.2}{\376\377\000K\000o\000m\000u\000n\000i\000k\000a\000c\000e\000\040\000s\000\040\000d\000r\000o\000n\000e\000m}{section.5}% 24
\BOOKMARK [3][-]{subsubsection.5.2.1}{\376\377\000V\000z\000d\000i\000a\000l\000e\000n\000\375\000\040\000s\000e\000r\000v\000e\000r}{subsection.5.2}% 25
\BOOKMARK [3][-]{subsubsection.5.2.2}{\376\377\000W\000e\000b\000o\000v\000\351\000\040\000r\000o\000z\000h\000r\000a\000n\000i\000e}{subsection.5.2}% 26
\BOOKMARK [3][-]{subsubsection.5.2.3}{\376\377\000S\000k\000r\000i\000p\000t\000y\000\040\000n\000a\000\040\000R\000P\000I}{subsection.5.2}% 27
\BOOKMARK [1][-]{section.6}{\376\377\000Z\000\341\000v\001\033\000r}{}% 28
\BOOKMARK [1][-]{section.7}{\376\377\000V\000\375\000k\000r\000e\000s\000y}{}% 29
